
> @near/near-ai@0.1.0 build /Users/Abraham.Almazan/Documents/GitHub/near.org/apps/near-ai
> next build

▲ Next.js 16.2.3 (Turbopack)
- Environments: .env.local, .env

  Creating an optimized production build ...
✓ Compiled successfully in 4.8s
  Running TypeScript ...
  Finished TypeScript in 5.6s ...
  Collecting page data using 11 workers ...
  Generating static pages using 11 workers (0/51) ...
  Generating static pages using 11 workers (12/51) 
  Generating static pages using 11 workers (25/51) 
  Generating static pages using 11 workers (38/51) 
✓ Generating static pages using 11 workers (51/51) in 3.6s
  Finalizing page optimization ...

Route (app)                                                              Revalidate  Expire
┌ ○ /
├ ○ /_not-found
├ ƒ /admin/accept-invite/[token]
├ ƒ /admin/advanced
├ ƒ /admin/audit-log
├ ƒ /admin/categories
├ ƒ /admin/dashboard
├ ƒ /admin/forgot-password
├ ƒ /admin/login
├ ƒ /admin/media
├ ƒ /admin/pages
├ ƒ /admin/posts
├ ƒ /admin/posts/[id]/edit
├ ƒ /admin/posts/[id]/preview
├ ƒ /admin/posts/new
├ ƒ /admin/reset-password/[token]
├ ƒ /admin/robots
├ ƒ /admin/settings
├ ƒ /admin/sitemap
├ ƒ /admin/users
├ ƒ /api/audit-log/export
├ ƒ /api/auth/[...nextauth]
├ ƒ /api/auth/accept-invite
├ ƒ /api/auth/forgot-password
├ ƒ /api/auth/reset-password
├ ƒ /api/categories
├ ƒ /api/categories/[id]
├ ƒ /api/cron/publish-scheduled
├ ƒ /api/media
├ ƒ /api/media/[id]
├ ƒ /api/media/bulk
├ ƒ /api/posts
├ ƒ /api/posts/[id]
├ ƒ /api/posts/[id]/duplicate
├ ƒ /api/posts/[id]/lock
├ ƒ /api/posts/[id]/preview-link
├ ƒ /api/posts/bulk
├ ƒ /api/preview/[token]/verify
├ ƒ /api/profile
├ ƒ /api/tags
├ ƒ /api/tags/[id]
├ ƒ /api/upload
├ ƒ /api/users
├ ƒ /api/users/[id]
├ ƒ /api/users/invite
├ ƒ /api/users/me
├ ƒ /blog
├ ● /blog/[slug]                                                                 1m      1y
│ ├ /blog/prueba                                                                 1m      1y
│ ├ /blog/post-3v-2                                                              1m      1y
│ ├ /blog/prueba-blog                                                            1m      1y
│ └ [+2 more paths]
├ ƒ /blog/category/[slug]
├ ƒ /blog/tag/[tag]
├ ○ /company
├ ○ /feed.xml                                                                    1h      1y
├ ○ /no-index
├ ƒ /preview/[token]
├ ○ /robots.txt
├ ○ /sitemap.xml                                                                 1h      1y
├ ○ /terms-and-policies/acceptable-use-policy
├ ○ /terms-and-policies/cookie-policy
├ ○ /terms-and-policies/near-ai-agent-market-terms-of-service
├ ○ /terms-and-policies/near-ai-cloud-terms-of-service
├ ○ /terms-and-policies/near-ai-data-processing-agreement-for-customers
├ ○ /terms-and-policies/privacy-policy
└ ○ /terms-and-policies/terms-of-service


ƒ Proxy (Middleware)

○  (Static)   prerendered as static content
●  (SSG)      prerendered as static HTML (uses generateStaticParams)
ƒ  (Dynamic)  server-rendered on demand

